<?xml version="1.0" encoding="UTF-8"?>
<!-- Generated by org.testng.reporters.JUnitReportReporter -->
<testsuite skipped="0" hostname="LAPTOP-IOEN3K60" name="NavigationTest" tests="1" failures="0" timestamp="2021-08-17T16:08:17 IST" time="52.447" errors="0">
  <testcase name="LogoTest" time="52.447" classname="NavigationTest"/>
  <system-out/>
</testsuite> <!-- NavigationTest -->
