<?xml version="1.0" encoding="UTF-8"?>
<!-- Generated by org.testng.reporters.JUnitReportReporter -->
<testsuite skipped="0" hostname="sana-Swift-SF314-55G" name="NavigationTest" tests="1" failures="0" timestamp="2021-08-23T22:54:34 IST" time="38.826" errors="0">
  <testcase name="LogoTest" time="38.826" classname="NavigationTest"/>
  <system-out/>
</testsuite> <!-- NavigationTest -->
