<?xml version="1.0" encoding="UTF-8"?>
<!-- Generated by org.testng.reporters.JUnitReportReporter -->
<testsuite skipped="0" hostname="LAPTOP-IOEN3K60" name="VerifyLogoTest" tests="1" failures="0" timestamp="2021-08-17T16:08:17 IST" time="44.783" errors="0">
  <testcase name="LogoTest" time="44.783" classname="VerifyLogoTest"/>
  <system-out/>
</testsuite> <!-- VerifyLogoTest -->
